"../../../Engine/Content/ArtTools/RenderToTexture/Enums/RenderToTexture_Enum.uasset" 0
"../../../Engine/Content/ArtTools/RenderToTexture/Enums/RenderToTexture_Flipbook_Enum.uasset" 1
"../../../Engine/Content/ArtTools/RenderToTexture/Enums/RenderToTexture_Imposter_Enum.uasset" 2
"../../../Engine/Content/EditorBlueprintResources/StandardMacros.uasset" 3
"../../../Engine/Content/ArtTools/RenderToTexture/Enums/EIntTypes.uasset" 4
"../../../Engine/Content/ArtTools/RenderToTexture/Macros/RenderToTextureFunctionLibrary.uasset" 5
"../../../Engine/Content/ArtTools/RenderToTexture/Enums/EFloatTypes.uasset" 6
"../../../Engine/Content/ArtTools/RenderToTexture/Macros/RenderToTextureMacros.uasset" 7
"../../../Engine/Content/Functions/Engine_MaterialFunctions01/Opacity/CameraDepthFade.uasset" 8
"../../../Engine/Content/EngineMaterials/T_Default_Material_Grid_M.uasset" 9
"../../../Engine/Content/EngineMaterials/T_Default_Material_Grid_N.uasset" 10
"../../../Engine/Content/EngineMaterials/WorldGridMaterial.uasset" 11
"../../../Engine/Content/ArtTools/RenderToTexture/Meshes/S_1_Unit_Plane.uasset" 12
"../../../Engine/Content/EngineMaterials/DefaultMaterial.uasset" 13
"../../../Engine/Content/BasicShapes/Cone.uasset" 14
"../../../Engine/Content/BasicShapes/Cube.uasset" 15
"../../../Engine/Content/BasicShapes/Cylinder.uasset" 16
"../../../Engine/Content/BasicShapes/Plane.uasset" 17
"../../../Engine/Content/BasicShapes/Sphere.uasset" 18
"../../../Engine/Content/EngineMaterials/DefaultPhysicalMaterial.uasset" 19
"../../../Engine/Content/BufferVisualization/AmbientOcclusion.uasset" 20
"../../../Engine/Content/BufferVisualization/BaseColor.uasset" 21
"../../../Engine/Content/BufferVisualization/CustomDepth.uasset" 22
"../../../Engine/Content/Functions/Engine_MaterialFunctions02/Utility/VectorLength.uasset" 23
"../../../Engine/Content/BufferVisualization/CustomDepthWorldUnits.uasset" 24
"../../../Engine/Content/Functions/Engine_MaterialFunctions02/Utility/BreakOutFloat2Components.uasset" 25
"../../../Engine/Content/Functions/Engine_MaterialFunctions01/Texturing/ScaleUVsByCenter.uasset" 26
"../../../Engine/Content/Functions/Engine_MaterialFunctions02/ScreenResolution.uasset" 27
"../../../Engine/Content/Functions/Engine_MaterialFunctions02/Texturing/ScreenAlignedUVs.uasset" 28
"../../../Engine/Content/Functions/Engine_MaterialFunctions02/Utility/MakeFloat2.uasset" 29
"../../../Engine/Content/Functions/Engine_MaterialFunctions02/Utility/MakeFloat3.uasset" 30
"../../../Engine/Content/EngineMaterials/MiniFont.uasset" 31
"../../../Engine/Content/BufferVisualization/CustomStencil.uasset" 32
"../../../Engine/Content/BufferVisualization/FinalImage.uasset" 33
"../../../Engine/Content/BufferVisualization/LightingModel.uasset" 34
"../../../Engine/Content/BufferVisualization/MaterialAO.uasset" 35
"../../../Engine/Content/BufferVisualization/Metallic.uasset" 36
"../../../Engine/Content/BufferVisualization/Opacity.uasset" 37
"../../../Engine/Content/BufferVisualization/PostTonemapHDRColor.uasset" 38
"../../../Engine/Content/BufferVisualization/PreTonemapHDRColor.uasset" 39
"../../../Engine/Content/BufferVisualization/Roughness.uasset" 40
"../../../Engine/Content/BufferVisualization/SceneColor.uasset" 41
"../../../Engine/Content/BufferVisualization/SceneDepth.uasset" 42
"../../../Engine/Content/BufferVisualization/SceneDepthWorldUnits.uasset" 43
"../../../Engine/Content/BufferVisualization/SeparateTranslucencyA.uasset" 44
"../../../Engine/Content/BufferVisualization/SeparateTranslucencyRGB.uasset" 45
"../../../Engine/Content/BufferVisualization/Specular.uasset" 46
"../../../Engine/Content/BufferVisualization/SubsurfaceColor.uasset" 47
"../../../Engine/Content/BufferVisualization/WorldNormal.uasset" 48
"../../../Engine/Content/EditorBlueprintResources/ActorMacros.uasset" 49
"../../../Engine/Content/EditorLandscapeResources/DataLayer.uasset" 50
"../../../Engine/Content/EditorLandscapeResources/DefaultAlphaTexture.uasset" 51
"../../../Engine/Content/Functions/Engine_MaterialFunctions01/ImageAdjustment/BlurSampleOffsets.uasset" 52
"../../../Engine/Content/Functions/Engine_MaterialFunctions02/SampleSceneDepth.uasset" 53
"../../../Engine/Content/Functions/Engine_MaterialFunctions02/Texturing/WorldPositionWithScale.uasset" 54
"../../../Engine/Content/Functions/Engine_MaterialFunctions02/Utility/CameraDirectionVector.uasset" 55
"../../../Engine/Content/Functions/Engine_MaterialFunctions02/Utility/LinearSine.uasset" 56
"../../../Engine/Content/Functions/Engine_MaterialFunctions02/UVs/WorldPositionBehindTranslucency.uasset" 57
"../../../Engine/Content/Functions/Engine_MaterialFunctions02/WorldPositionOffset/ObjectScale.uasset" 58
"../../../Engine/Content/EditorLandscapeResources/FoliageBrushSphereMaterial.uasset" 59
"../../../Engine/Content/EditorLandscapeResources/LandscapeGizmoHeight_Mat.uasset" 60
"../../../Engine/Content/EditorLandscapeResources/LandscapeGizmo_Mat.uasset" 61
"../../../Engine/Content/EditorLandscapeResources/LandscapeGizmo_Mat_Copied.uasset" 62
"../../../Engine/Content/EditorLandscapeResources/SplineEditorMeshMat.uasset" 63
"../../../Engine/Content/EditorLandscapeResources/SplineEditorMesh.uasset" 64
"../../../Engine/Content/EditorMaterials/Cross.uasset" 65
"../../../Engine/Content/EditorMaterials/Cross_Mat.uasset" 66
"../../../Engine/Content/EditorMaterials/GizmoMaterial.uasset" 67
"../../../Engine/Content/Functions/Engine_MaterialFunctions02/Utility/Sign.uasset" 68
"../../../Engine/Content/Functions/Engine_MaterialFunctions02/Utility/Round.uasset" 69
"../../../Engine/Content/Functions/Engine_MaterialFunctions02/ExampleContent/Textures/flipbook.uasset" 70
"../../../Engine/Content/Functions/Engine_MaterialFunctions02/Texturing/FlipBook.uasset" 71
"../../../Engine/Content/EditorResources/T_EditorHelp.uasset" 72
"../../../Engine/Content/EditorMaterials/HelpActorMaterial.uasset" 73
"../../../Engine/Content/EditorMaterials/CompositeARGBLayer.uasset" 74
"../../../Engine/Content/EditorMaterials/TilingAALineIntegral.uasset" 75
"../../../Engine/Content/EditorMaterials/TilingAALineBoxFiltered.uasset" 76
"../../../Engine/Content/Functions/Engine_MaterialFunctions03/Procedurals/ComputeFilterWidth.uasset" 77
"../../../Engine/Content/EditorMaterials/TilingAADots.uasset" 78
"../../../Engine/Content/EditorMaterials/Cascade/CASC_Cross.uasset" 79
"../../../Engine/Content/EditorMaterials/Cascade/CASC_None.uasset" 80
"../../../Engine/Content/Functions/Engine_MaterialFunctions03/Blends/Blend_Screen.uasset" 81
"../../../Engine/Content/EditorMaterials/TilingAAGrid.uasset" 82
"../../../Engine/Content/EditorMaterials/LevelGridMaterial.uasset" 83
"../../../Engine/Content/EditorMaterials/MakeCompositeARGBLayer.uasset" 84
"../../../Engine/Content/EditorResources/LevelGrid1DStripes.uasset" 85
"../../../Engine/Content/EditorMaterials/TextureGridCascaded1D.uasset" 86
"../../../Engine/Content/EditorMaterials/TextureGridCascaded2D.uasset" 87
"../../../Engine/Content/EditorMaterials/LevelGridMaterial2.uasset" 88
"../../../Engine/Content/EditorMaterials/MAT_Groups_Toggle.uasset" 89
"../../../Engine/Content/EditorMaterials/MAT_Groups_Visibility.uasset" 90
"../../../Engine/Content/EditorMaterials/AntialiasedGridFloor.uasset" 91
"../../../Engine/Content/EditorResources/TilePatine_D.uasset" 92
"../../../Engine/Content/EditorResources/TilePatine_N.uasset" 93
"../../../Engine/Content/EngineMaterials/Grid.uasset" 94
"../../../Engine/Content/EditorMaterials/PersonaFloorMat.uasset" 95
"../../../Engine/Content/EditorMaterials/PhAT_BoneSelectedMaterial.uasset" 96
"../../../Engine/Content/EditorMaterials/PhAT_ElemSelectedMaterial.uasset" 97
"../../../Engine/Content/EditorMaterials/PhAT_NoCollisionMaterial.uasset" 98
"../../../Engine/Content/EditorMaterials/PhAT_UnselectedMaterial.uasset" 99
"../../../Engine/Content/EditorMaterials/PreviewShadowIndicator.uasset" 100
"../../../Engine/Content/EditorMaterials/PreviewShadowIndicatorMaterial.uasset" 101
"../../../Engine/Content/EditorMaterials/TargetIcon.uasset" 102
"../../../Engine/Content/EditorMaterials/Tick.uasset" 103
"../../../Engine/Content/EditorMaterials/Tick_Mat.uasset" 104
"../../../Engine/Content/EditorMaterials/WidgetGridVertexColorMaterial.uasset" 105
"../../../Engine/Content/EditorMaterials/WidgetGridVertexColorMaterial_Ma.uasset" 106
"../../../Engine/Content/EditorMaterials/WidgetMaterial.uasset" 107
"../../../Engine/Content/EditorMaterials/WidgetMaterial_Current.uasset" 108
"../../../Engine/Content/EditorMaterials/WidgetMaterial_X.uasset" 109
"../../../Engine/Content/EditorMaterials/WidgetMaterial_Y.uasset" 110
"../../../Engine/Content/EditorMaterials/WidgetMaterial_Z.uasset" 111
"../../../Engine/Content/EditorMaterials/WidgetVertexColorMaterial.uasset" 112
"../../../Engine/Content/EditorMaterials/AssetViewer/EpicQuadPanorama_CC+EV1.uasset" 113
"../../../Engine/Content/MapTemplates/Sky/SunsetAmbientCubemap.uasset" 114
"../../../Engine/Content/EditorMaterials/AssetViewer/M_SkyBox.uasset" 115
"../../../Engine/Content/EditorMaterials/MatineeGroups/MAT_ColorTrack.uasset" 116
"../../../Engine/Content/EditorMaterials/MatineeGroups/MAT_Groups_Anim.uasset" 117
"../../../Engine/Content/EditorMaterials/MatineeGroups/MAT_Groups_AudioMaster.uasset" 118
"../../../Engine/Content/EditorMaterials/MatineeGroups/MAT_Groups_Director.uasset" 119
"../../../Engine/Content/EditorMaterials/MatineeGroups/MAT_Groups_Event.uasset" 120
"../../../Engine/Content/EditorMaterials/MatineeGroups/MAT_Groups_Fade.uasset" 121
"../../../Engine/Content/EditorMaterials/MatineeGroups/MAT_Groups_Float.uasset" 122
"../../../Engine/Content/EditorMaterials/MatineeGroups/MAT_Groups_Move.uasset" 123
"../../../Engine/Content/EditorMaterials/MatineeGroups/MAT_Groups_Slomo.uasset" 124
"../../../Engine/Content/EditorMaterials/MatineeGroups/MAT_Groups_Sound.uasset" 125
"../../../Engine/Content/EditorMaterials/MatineeGroups/MAT_Groups_Vector.uasset" 126
"../../../Engine/Content/EditorMaterials/ParticleSystems/PSysThumbnail_NoImage.uasset" 127
"../../../Engine/Content/EditorMaterials/ParticleSystems/PSysThumbnail_OOD.uasset" 128
"../../../Engine/Content/EditorMaterials/Thumbnails/FloorPlaneMaterial.uasset" 129
"../../../Engine/Content/EditorMeshes/EditorCylinder.uasset" 130
"../../../Engine/Content/EditorMeshes/EditorPlane.uasset" 131
"../../../Engine/Content/EditorMaterials/Thumbnails/SkySphereMaterial.uasset" 132
"../../../Engine/Content/EditorMeshes/EditorSkySphere.uasset" 133
"../../../Engine/Content/EditorMeshes/EditorSphere.uasset" 134
"../../../Engine/Content/EditorResources/MatineeCam_D.uasset" 135
"../../../Engine/Content/EditorMaterials/MatineeCam_mat.uasset" 136
"../../../Engine/Content/EditorMeshes/MatineeCam_SM.uasset" 137
"../../../Engine/Content/Functions/Engine_MaterialFunctions01/Shading/ConvertFromDiffSpec.uasset" 138
"../../../Engine/Content/EditorMaterials/GridMaterial.uasset" 139
"../../../Engine/Content/EditorMeshes/PhAT_FloorBox.uasset" 140
"../../../Engine/Content/EditorMeshes/AssetViewer/Floor_Mesh.uasset" 141
"../../../Engine/Content/EditorMeshes/AssetViewer/Sphere_inversenormals.uasset" 142
"../../../Engine/Content/EditorMaterials/Camera/CineMat.uasset" 143
"../../../Engine/Content/EditorMaterials/Camera/MI_CineMat_CameraBody.uasset" 144
"../../../Engine/Content/EngineDebugMaterials/M_SimpleOpaque.uasset" 145
"../../../Engine/Content/EditorMaterials/Camera/MI_CineMat_CamViewFinder.uasset" 146
"../../../Engine/Content/EditorMeshes/Camera/SM_CineCam.uasset" 147
"../../../Engine/Content/EditorMaterials/Camera/MI_CineMat_Rig.uasset" 148
"../../../Engine/Content/EditorMeshes/Camera/SM_CraneRig_Arm.uasset" 149
"../../../Engine/Content/EditorMeshes/Camera/SM_CraneRig_Base.uasset" 150
"../../../Engine/Content/EditorMeshes/Camera/SM_CraneRig_Body.uasset" 151
"../../../Engine/Content/EditorMeshes/Camera/SM_CraneRig_Mount.uasset" 152
"../../../Engine/Content/EditorMeshes/Camera/SM_RailRig_Mount.uasset" 153
"../../../Engine/Content/EditorMeshes/Camera/SM_RailRig_Track.uasset" 154
"../../../Engine/Content/EditorMeshes/ColorCalibrator/M_ChromeBall.uasset" 155
"../../../Engine/Content/EditorMeshes/ColorCalibrator/M_ClearCoat.uasset" 156
"../../../Engine/Content/EditorMeshes/ColorCalibrator/M_ClearCoatBlack.uasset" 157
"../../../Engine/Content/EditorMeshes/ColorCalibrator/T_ColorGrid.uasset" 158
"../../../Engine/Content/EditorMeshes/ColorCalibrator/M_ColorGrid.uasset" 159
"../../../Engine/Content/EditorMeshes/ColorCalibrator/M_GreyBall.uasset" 160
"../../../Engine/Content/EditorMeshes/ColorCalibrator/SM_ColorCalibrator.uasset" 161
"../../../Engine/Content/EditorResources/Bad.uasset" 162
"../../../Engine/Content/EditorResources/BSPVertex.uasset" 163
"../../../Engine/Content/EditorResources/EmptyActor.uasset" 164
"../../../Engine/Content/EditorResources/MatInstActSprite.uasset" 165
"../../../Engine/Content/EditorResources/SceneManager.uasset" 166
"../../../Engine/Content/EditorResources/SimplygonLogo.uasset" 167
"../../../Engine/Content/EditorResources/SmallFont.uasset" 168
"../../../Engine/Content/EditorResources/S_Actor.uasset" 169
"../../../Engine/Content/EditorResources/S_DecalActorIcon.uasset" 170
"../../../Engine/Content/EditorResources/S_Emitter.uasset" 171
"../../../Engine/Content/EditorResources/S_ExpoHeightFog.uasset" 172
"../../../Engine/Content/EditorResources/S_FTest.uasset" 173
"../../../Engine/Content/EditorResources/S_KBSJoint.uasset" 174
"../../../Engine/Content/EditorResources/S_KHinge.uasset" 175
"../../../Engine/Content/EditorResources/S_KPrismatic.uasset" 176
"../../../Engine/Content/EditorResources/S_LevelSequence.uasset" 177
"../../../Engine/Content/EditorResources/S_NavP.uasset" 178
"../../../Engine/Content/EditorResources/S_Note.uasset" 179
"../../../Engine/Content/EditorResources/S_Player.uasset" 180
"../../../Engine/Content/EditorResources/S_PortalActorIcon2.uasset" 181
"../../../Engine/Content/EditorResources/S_RadForce.uasset" 182
"../../../Engine/Content/EditorResources/S_ReflActorIcon.uasset" 183
"../../../Engine/Content/EditorResources/S_Terrain.uasset" 184
"../../../Engine/Content/EditorResources/S_TextRenderActorIcon.uasset" 185
"../../../Engine/Content/EditorResources/S_Thruster.uasset" 186
"../../../Engine/Content/EditorResources/S_Trigger.uasset" 187
"../../../Engine/Content/EditorResources/S_VectorFieldVol.uasset" 188
"../../../Engine/Content/EditorResources/S_WindDirectional.uasset" 189
"../../../Engine/Content/EditorResources/AI/S_NavLink.uasset" 190
"../../../Engine/Content/EditorResources/LightIcons/SkyLight.uasset" 191
"../../../Engine/Content/EditorResources/LightIcons/S_LightDirectional.uasset" 192
"../../../Engine/Content/EditorResources/LightIcons/S_LightDirectionalMove.uasset" 193
"../../../Engine/Content/EditorResources/LightIcons/S_LightError.uasset" 194
"../../../Engine/Content/EditorResources/LightIcons/S_LightPoint.uasset" 195
"../../../Engine/Content/EditorResources/LightIcons/S_LightPointMove.uasset" 196
"../../../Engine/Content/EditorResources/LightIcons/S_LightSpot.uasset" 197
"../../../Engine/Content/EditorResources/LightIcons/S_LightSpotMove.uasset" 198
"../../../Engine/Content/EditorResources/SequenceRecorder/Countdown.uasset" 199
"../../../Engine/Content/EditorResources/SequenceRecorder/RecordingIndicator.uasset" 200
"../../../Engine/Content/EditorResources/Spline/T_Loft_Spline.uasset" 201
"../../../Engine/Content/EditorSounds/Notifications/CompileFailed.uasset" 202
"../../../Engine/Content/EditorSounds/Notifications/CompileFailed_Cue.uasset" 203
"../../../Engine/Content/EditorSounds/Notifications/CompileSuccess.uasset" 204
"../../../Engine/Content/EditorSounds/Notifications/CompileStart_Cue.uasset" 205
"../../../Engine/Content/EditorSounds/Notifications/CompileSuccess_Cue.uasset" 206
"../../../Engine/Content/EngineDamageTypes/DmgTypeBP_Environmental.uasset" 207
"../../../Engine/Content/EngineDebugMaterials/HeatmapGradient.uasset" 208
"../../../Engine/Content/EngineDebugMaterials/BoneWeightMaterial.uasset" 209
"../../../Engine/Content/EngineDebugMaterials/ClothMaterial.uasset" 210
"../../../Engine/Content/EngineDebugMaterials/ClothMaterial_WF.uasset" 211
"../../../Engine/Content/EngineDebugMaterials/DebugEditorMaterial.uasset" 212
"../../../Engine/Content/EngineDebugMaterials/DebugMeshMaterial.uasset" 213
"../../../Engine/Content/EngineDebugMaterials/GeomMaterial.uasset" 214
"../../../Engine/Content/EngineDebugMaterials/LevelColorationLitMaterial.uasset" 215
"../../../Engine/Content/EngineDebugMaterials/LevelColorationUnlitMaterial.uasset" 216
"../../../Engine/Content/EngineMaterials/DefaultWhiteGrid.uasset" 217
"../../../Engine/Content/EngineDebugMaterials/MAT_LevelColorationLitLightmapUV.uasset" 218
"../../../Engine/Content/EngineDebugMaterials/M_SimpleTranslucent.uasset" 219
"../../../Engine/Content/EngineDebugMaterials/ShadedLevelColorationLitMaterial.uasset" 220
"../../../Engine/Content/EngineDebugMaterials/ShadedLevelColorationUnlitMateri.uasset" 221
"../../../Engine/Content/EngineDebugMaterials/VertexColorMaterial.uasset" 222
"../../../Engine/Content/EngineDebugMaterials/VertexColorViewMode_AlphaAsColor.uasset" 223
"../../../Engine/Content/EngineDebugMaterials/VertexColorViewMode_BlueOnly.uasset" 224
"../../../Engine/Content/EngineDebugMaterials/VertexColorViewMode_ColorOnly.uasset" 225
"../../../Engine/Content/EngineDebugMaterials/VertexColorViewMode_GreenOnly.uasset" 226
"../../../Engine/Content/EngineDebugMaterials/VertexColorViewMode_RedOnly.uasset" 227
"../../../Engine/Content/EngineDebugMaterials/WireframeMaterial.uasset" 228
"../../../Engine/Content/EngineFonts/Faces/RobotoBold.uasset" 229
"../../../Engine/Content/EngineFonts/Faces/RobotoBoldItalic.uasset" 230
"../../../Engine/Content/EngineFonts/Faces/RobotoItalic.uasset" 231
"../../../Engine/Content/EngineFonts/Faces/RobotoLight.uasset" 232
"../../../Engine/Content/EngineFonts/Faces/RobotoRegular.uasset" 233
"../../../Engine/Content/EngineFonts/Roboto.uasset" 234
"../../../Engine/Content/EngineFonts/Faces/RobotoTiny.uasset" 235
"../../../Engine/Content/EngineFonts/RobotoTiny.uasset" 236
"../../../Engine/Content/EngineFonts/SmallFont.uasset" 237
"../../../Engine/Content/EngineFonts/TinyFont.uasset" 238
"../../../Engine/Content/EngineResources/WhiteSquareTexture.uasset" 239
"../../../Engine/Content/EngineMaterials/BlinkingCaret.uasset" 240
"../../../Engine/Content/EngineMaterials/DefaultBloomKernel.uasset" 241
"../../../Engine/Content/EngineMaterials/DefaultBokeh.uasset" 242
"../../../Engine/Content/EngineMaterials/DefaultDiffuse.uasset" 243
"../../../Engine/Content/EngineMaterials/DefaultDeferredDecalMaterial.uasset" 244
"../../../Engine/Content/EngineMaterials/DefaultLightFunctionMaterial.uasset" 245
"../../../Engine/Content/EngineMaterials/DefaultNormal.uasset" 246
"../../../Engine/Content/EngineMaterials/DefaultPostProcessMaterial.uasset" 247
"../../../Engine/Content/EngineFonts/RobotoDistanceField.uasset" 248
"../../../Engine/Content/EngineMaterials/DefaultTextMaterialOpaque.uasset" 249
"../../../Engine/Content/EngineMaterials/EditorBrushMaterial.uasset" 250
"../../../Engine/Content/EngineMaterials/Good64x64TilingNoiseHighFreq.uasset" 251
"../../../Engine/Content/EngineMaterials/Grid_N.uasset" 252
"../../../Engine/Content/EngineMaterials/HighResolutionScreenshotMaskFunction.uasset" 253
"../../../Engine/Content/EngineMaterials/HighResScreenshot.uasset" 254
"../../../Engine/Content/EngineMaterials/HighResScreenshotCaptureRegion.uasset" 255
"../../../Engine/Content/EngineMaterials/HighResScreenshotMask.uasset" 256
"../../../Engine/Content/EngineMaterials/LandscapeHolePhysicalMaterial.uasset" 257
"../../../Engine/Content/EngineMaterials/InvalidLightmapSettings.uasset" 258
"../../../Engine/Content/EngineMaterials/M_InvalidLightmapSettings.uasset" 259
"../../../Engine/Content/EngineMaterials/PaperDiffuse.uasset" 260
"../../../Engine/Content/EngineMaterials/PaperNormal.uasset" 261
"../../../Engine/Content/EngineMaterials/PhAT_JointLimitMaterial.uasset" 262
"../../../Engine/Content/EngineMaterials/PhysMat_Rubber.uasset" 263
"../../../Engine/Content/EngineMaterials/PreintegratedSkinBRDF.uasset" 264
"../../../Engine/Content/EngineMaterials/RemoveSurfaceMaterial.uasset" 265
"../../../Engine/Content/EngineMaterials/WeightMapPlaceholderTexture.uasset" 266
"../../../Engine/Content/EngineMaterials/Widget3DPassThrough.uasset" 267
"../../../Engine/Content/EngineMaterials/Widget3DPassThrough_Masked.uasset" 268
"../../../Engine/Content/EngineMaterials/Widget3DPassThrough_Opaque.uasset" 269
"../../../Engine/Content/EngineMaterials/Widget3DPassThrough_Masked_OneSided.uasset" 270
"../../../Engine/Content/EngineMaterials/Widget3DPassThrough_Opaque_OneSided.uasset" 271
"../../../Engine/Content/EngineMaterials/Widget3DPassThrough_Translucent.uasset" 272
"../../../Engine/Content/EngineMaterials/Widget3DPassThrough_Translucent_OneSided.uasset" 273
"../../../Engine/Content/EngineMeshes/Cube.uasset" 274
"../../../Engine/Content/EngineMeshes/Cylinder.uasset" 275
"../../../Engine/Content/EngineMeshes/Sphere.uasset" 276
"../../../Engine/Content/EngineResources/Black.uasset" 277
"../../../Engine/Content/EngineResources/DefaultTexture.uasset" 278
"../../../Engine/Content/EngineResources/DefaultTextureCube.uasset" 279
"../../../Engine/Content/EngineResources/GradientTexture0.uasset" 280
"../../../Engine/Content/EngineResources/StreamingPauseIcon.uasset" 281
"../../../Engine/Content/EngineResources/M_StreamingPause.uasset" 282
"../../../Engine/Content/EngineSounds/Master.uasset" 283
"../../../Engine/Content/Functions/Engine_MaterialFunctions01/Shading/PowerToRoughness.uasset" 284
"../../../Engine/Content/Maps/Templates/Thumbnails/Default.uasset" 285
"../../../Engine/Content/Maps/Templates/Thumbnails/VR-Basic.uasset" 286
"../../../Engine/Content/MapTemplates/Sky/DaylightAmbientCubemap.uasset" 287
"../../../Engine/Content/MobileResources/T_MobileControls_texture.uasset" 288
"../../../Engine/Content/MobileResources/T_MobileMenu2.uasset" 289
"../../../Engine/Content/MobileResources/HUD/AnalogHat.uasset" 290
"../../../Engine/Content/MobileResources/HUD/VirtualJoystick_Background.uasset" 291
"../../../Engine/Content/MobileResources/HUD/VirtualJoystick_Thumb.uasset" 292
"../../../Engine/Content/MobileResources/HUD/DefaultVirtualJoysticks.uasset" 293
"../../../Engine/Content/MobileResources/HUD/LeftVirtualJoystickOnly.uasset" 294
"../../../Engine/Content/MobileResources/HUD/MobileHUDButton1_off.uasset" 295
"../../../Engine/Content/MobileResources/HUD/MobileHUDButton1_on.uasset" 296
"../../../Engine/Content/MobileResources/HUD/MobileHUDButton2_off.uasset" 297
"../../../Engine/Content/MobileResources/HUD/MobileHUDButton2_on.uasset" 298
"../../../Engine/Content/MobileResources/HUD/MobileHUDButton3.uasset" 299
"../../../Engine/Content/MobileResources/HUD/MobileHUDButtonFire.uasset" 300
"../../../Engine/Content/MobileResources/HUD/MobileHUDDirectionPad.uasset" 301
"../../../Engine/Content/MobileResources/HUD/MobileHUDDirectionPad2.uasset" 302
"../../../Engine/Content/MobileResources/HUD/MobileHUDDirectionPad3.uasset" 303
"../../../Engine/Content/MobileResources/HUD/MobileHUDDirectionStick.uasset" 304
"../../../Engine/Content/MobileResources/HUD/T_Castle_ThumbstickInner.uasset" 305
"../../../Engine/Content/MobileResources/HUD/T_Castle_ThumbstickOutter.uasset" 306
"../../../Engine/Content/Tutorial/ContentIntroCurve.uasset" 307
"../../../Engine/Content/Tutorial/Basics/TutorialAssets/icon_tab_Levels_40x.uasset" 308
"../../../Engine/Content/Tutorial/BlueprintTutorials/TutorialAssets/BlueprintInterface_64x.uasset" 309
"../../../Engine/Content/Tutorial/BlueprintTutorials/TutorialAssets/BlueprintMacroLibrary_64x.uasset" 310
"../../../Engine/Content/Tutorial/BlueprintTutorials/TutorialAssets/Blueprint_64x.uasset" 311
"../../../Engine/Content/Tutorial/BlueprintTutorials/TutorialAssets/Tutorial_BP_Interface.uasset" 312
"../../../Engine/Content/Tutorial/Foliage/TutorialAssets/Foliage.uasset" 313
"../../../Engine/Content/Tutorial/Landscape/TutorialAssets/Landscape.uasset" 314
"../../../Engine/Content/Tutorial/Paper2D/TutorialAssets/Paper2DFlipbook_TutorialIcon.uasset" 315
"../../../Engine/Content/Tutorial/Paper2D/TutorialAssets/Paper2DSprite_TutorialIcon.uasset" 316
"../../../Engine/Content/Tutorial/SubEditors/TutorialAssets/icon_Editor_Preferences_General_40x.uasset" 317
"../../../Engine/Content/Tutorial/SubEditors/TutorialAssets/icon_ShowSkeletalMeshes_40x.uasset" 318
"../../../Engine/Content/Tutorial/SubEditors/TutorialAssets/TutorialMaterial.uasset" 319
"../../../Engine/Content/Tutorial/SubEditors/TutorialAssets/T_SmokeSubUV_8X8.uasset" 320
"../../../Engine/Content/Tutorial/SubEditors/TutorialAssets/T_soft_smoke.uasset" 321
"../../../Engine/Content/Tutorial/SubEditors/TutorialAssets/M_smoke_subUV_blackbody.uasset" 322
"../../../Engine/Content/Tutorial/SubEditors/TutorialAssets/TutorialParticleSystem.uasset" 323
"../../../Engine/Content/EditorMeshes/EditorCube.uasset" 324
"../../../Engine/Content/Tutorial/SubEditors/TutorialAssets/Tutorial_DM.uasset" 325
"../../../Engine/Content/VREditor/Devices/Generic/GenericHMDMaterial.uasset" 326
"../../../Engine/Content/VREditor/Devices/Generic/GenericHMD.uasset" 327
"../../../Engine/Content/VREditor/FloatingText/LineMaterial.uasset" 328
"../../../Engine/Content/VREditor/FloatingText/JointSphere.uasset" 329
"../../../Engine/Content/VREditor/FloatingText/LineSegmentCylinder.uasset" 330
"../../../Engine/Content/VREditor/Fonts/VRText_RobotoLarge.uasset" 331
"../../../Engine/Content/VREditor/Fonts/VRTextMaterial.uasset" 332
"../../../Engine/Content/VREditor/Fonts/TranslucentVRTextMaterial.uasset" 333
"../../../Engine/Content/VREditor/LaserPointer/CursorPointer.uasset" 334
"../../../Engine/Content/VREditor/LaserPointer/VR_LaserPower_01.uasset" 335
"../../../Engine/Content/VREditor/TransformGizmo/TransformGizmoMaterial.uasset" 336
"../../../Engine/Content/VREditor/LaserPointer/HoverMaterial.uasset" 337
"../../../Engine/Content/VREditor/TransformGizmo/TranslucentTransformGizmoMaterial.uasset" 338
"../../../Engine/Content/VREditor/LaserPointer/TranslucentHoverMaterial.uasset" 339
"../../../Engine/Content/VREditor/LaserPointer/HoverMesh.uasset" 340
"../../../Engine/Content/VREditor/LaserPointer/LaserPointerMaterial.uasset" 341
"../../../Engine/Content/VREditor/LaserPointer/LaserPointerMaterialInst.uasset" 342
"../../../Engine/Content/VREditor/LaserPointer/TranslucentLaserPointerMaterialInst.uasset" 343
"../../../Engine/Content/VREditor/LaserPointer/LaserPointerMesh.uasset" 344
"../../../Engine/Content/VREditor/LaserPointer/LaserPointerMesh_End.uasset" 345
"../../../Engine/Content/VREditor/LaserPointer/LaserPointerMesh_Start.uasset" 346
"../../../Engine/Content/Functions/Engine_MaterialFunctions02/Utility/BreakOutFloat3Components.uasset" 347
"../../../Engine/Content/Functions/Engine_MaterialFunctions02/Math/Transform3x3Matrix.uasset" 348
"../../../Engine/Content/Functions/Engine_MaterialFunctions02/SplitComponents.uasset" 349
"../../../Engine/Content/VREditor/SnapGrid/SnapGridMaterial.uasset" 350
"../../../Engine/Content/VREditor/SnapGrid/SnapGridPlaneMesh.uasset" 351
"../../../Engine/Content/VREditor/Sounds/VR_teleport.uasset" 352
"../../../Engine/Content/VREditor/Sounds/UI/Click_on_Button_Cue.uasset" 353
"../../../Engine/Content/VREditor/Sounds/UI/Dockable_Window_Close.uasset" 354
"../../../Engine/Content/VREditor/Sounds/UI/Dockable_Window_Drop.uasset" 355
"../../../Engine/Content/VREditor/Sounds/UI/Dockable_Window_Open.uasset" 356
"../../../Engine/Content/VREditor/Sounds/UI/Dockable_Window_Pick_Up.uasset" 357
"../../../Engine/Content/VREditor/Sounds/UI/Drop_Item_From_ContentBrowser.uasset" 358
"../../../Engine/Content/VREditor/Sounds/UI/Floating_UI_Open-001.uasset" 359
"../../../Engine/Content/VREditor/Sounds/UI/Gizmo_Handle_Clicked.uasset" 360
"../../../Engine/Content/VREditor/Sounds/UI/Object_PickUp.uasset" 361
"../../../Engine/Content/VREditor/Sounds/UI/Object_Snaps_To_Another_Actor.uasset" 362
"../../../Engine/Content/VREditor/Sounds/UI/Object_Snaps_To_Grid.uasset" 363
"../../../Engine/Content/VREditor/Sounds/UI/Radial_Menu_FadeOut.uasset" 364
"../../../Engine/Content/VREditor/Sounds/UI/Scaling_Down.uasset" 365
"../../../Engine/Content/VREditor/Sounds/UI/Scaling_Up.uasset" 366
"../../../Engine/Content/VREditor/Sounds/UI/Selection_Changes.uasset" 367
"../../../Engine/Content/VREditor/Sounds/UI/Teleport_Mode_Entered.uasset" 368
"../../../Engine/Content/VREditor/Teleport/TeleportDirectionMaterial.uasset" 369
"../../../Engine/Content/VREditor/Teleport/TeleportDirectionMaterial_Inst.uasset" 370
"../../../Engine/Content/VREditor/Teleport/TeleportDirectionMesh.uasset" 371
"../../../Engine/Content/VREditor/TransformGizmo/BoundingBoxCorner.uasset" 372
"../../../Engine/Content/VREditor/TransformGizmo/BoundingBoxEdge.uasset" 373
"../../../Engine/Content/VREditor/TransformGizmo/PlaneTranslationHandle.uasset" 374
"../../../Engine/Content/VREditor/TransformGizmo/RotationHandleFull.uasset" 375
"../../../Engine/Content/VREditor/TransformGizmo/RotationHandleIndicator.uasset" 376
"../../../Engine/Content/VREditor/TransformGizmo/RotationHandleQuarter.uasset" 377
"../../../Engine/Content/VREditor/TransformGizmo/Main.uasset" 378
"../../../Engine/Content/VREditor/TransformGizmo/Xray.uasset" 379
"../../../Engine/Content/VREditor/TransformGizmo/SM_Dialog_Close.uasset" 380
"../../../Engine/Content/VREditor/TransformGizmo/SM_Dialog_Move.uasset" 381
"../../../Engine/Content/VREditor/TransformGizmo/SM_Sequencer_Key.uasset" 382
"../../../Engine/Content/VREditor/TransformGizmo/StartRotationHandleIndicator.uasset" 383
"../../../Engine/Content/VREditor/TransformGizmo/TranslucentTransformGizmoMaterial_Inst.uasset" 384
"../../../Engine/Content/VREditor/TransformGizmo/TransformGizmoFreeRotation.uasset" 385
"../../../Engine/Content/VREditor/TransformGizmo/TransformGizmoMaterial_Inst.uasset" 386
"../../../Engine/Content/VREditor/TransformGizmo/TranslateArrowHandle.uasset" 387
"../../../Engine/Content/VREditor/TransformGizmo/UniformScaleHandle.uasset" 388
"../../../Engine/Content/VREditor/UI/KeyDiskMaterial.uasset" 389
"../../../Engine/Content/VREditor/UI/DiscMaterial.uasset" 390
"../../../Engine/Content/VREditor/UI/SM_Radial_Disk.uasset" 391
"../../../Engine/Content/Functions/Engine_MaterialFunctions01/Gradient/RadialGradient.uasset" 392
"../../../Engine/Content/VREditor/WorldMovementGrid/SimpleGrid.uasset" 393
"../../../Engine/Content/VREditor/WorldMovementGrid/GridMaterial.uasset" 394
"../../../Engine/Content/Functions/Engine_MaterialFunctions01/Density/ExponentialDensity.uasset" 395
"../../../Engine/Content/VREditor/WorldMovementGrid/GridPostProcess.uasset" 396
"../../../Engine/Content/EditorLandscapeResources/FlattenHeightMat.uasset" 397
"../../../Engine/Content/VREditor/WorldMovementGrid/PlaneMesh.uasset" 398
"../../../Ninja/Content/2DSideScrollerBP/Maps/2DLevels.uasset" 399
"../../../Ninja/Content/LowPoly_Universe/Audio/SGS_LP_Universe_Crimson_Theme.uasset" 400
"../../../Ninja/Content/LowPoly_Universe/Audio/SGS_LP_Universe_DesertBreath_Theme.uasset" 401
"../../../Ninja/Content/LowPoly_Universe/Audio/SGS_LP_Universe_FreeAngels_Theme.uasset" 402
"../../../Ninja/Content/LowPoly_Universe/FX/LP_Universe_PartDust_sprite.uasset" 403
"../../../Ninja/Content/LowPoly_Universe/FX/M_Part_Dust.uasset" 404
"../../../Ninja/Content/LowPoly_Universe/FX/P_Dust_1.uasset" 405
"../../../Engine/Content/Functions/Engine_MaterialFunctions01/ImageAdjustment/SCurve.uasset" 406
"../../../Ninja/Content/LowPoly_Universe/Materials/M_LP_VertexData2.uasset" 407
"../../../Ninja/Content/LowPoly_Universe/Materials/Instances/LP_HEX_Tile_1.uasset" 408
"../../../Ninja/Content/LowPoly_Universe/Materials/Instances/LP_HEX_Tile_2.uasset" 409
"../../../Ninja/Content/LowPoly_Universe/Materials/M_LP_VertexData_RG.uasset" 410
"../../../Ninja/Content/LowPoly_Universe/Materials/Instances/LP_Platform_Island_4.uasset" 411
"../../../Ninja/Content/LowPoly_Universe/Materials/Instances/LP_Platform_Island_5.uasset" 412
"../../../Ninja/Content/LowPoly_Universe/Materials/M_LP_Clay.uasset" 413
"../../../Ninja/Content/LowPoly_Universe/Materials/Instances/LP_Wood_Platforms_3.uasset" 414
"../../../Ninja/Content/LowPoly_Universe/Materials/Instances/LP_Wood_Platforms_1.uasset" 415
"../../../Ninja/Content/LowPoly_Universe/Meshes/Fence/SGS_LP_Fence_1.uasset" 416
"../../../Ninja/Content/LowPoly_Universe/Meshes/Grass/SGS_LP_Grass_25.uasset" 417
"../../../Ninja/Content/LowPoly_Universe/Meshes/Grass/SGS_LP_Grass_46.uasset" 418
"../../../Ninja/Content/LowPoly_Universe/Meshes/Stones/STONE_formation_1/SGS_LP_Universe_StoneFormations_18.uasset" 419
"../../../Ninja/Content/LowPoly_Universe/Materials/Instances/LP_Tree_Leaf_1.uasset" 420
"../../../Ninja/Content/LowPoly_Universe/Materials/Instances/LP_Tree_Leaf_2.uasset" 421
"../../../Ninja/Content/LowPoly_Universe/Meshes/TREES/Pack_5/SGS_LP_Universe_Trees_5_40.uasset" 422
"../../../Ninja/Content/LowPoly_Universe/Meshes/Wood_Platforms/SGS_LP_Wood_Platforms_2.uasset" 423
"../../../Ninja/Content/LowPoly_Universe/Meshes/Wood_Platforms/SGS_LP_Wood_Platforms_22.uasset" 424
"../../../Ninja/Content/LowPoly_Universe/Meshes/Wood_Platforms/SGS_LP_Wood_Platforms_8.uasset" 425
"../../../Ninja/Content/StarterContent/Textures/T_MacroVariation.uasset" 426
"../../../Ninja/Content/StarterContent/Textures/T_Perlin_Noise_M.uasset" 427
"../../../Ninja/Content/StarterContent/Textures/T_Rock_Sandstone_D.uasset" 428
"../../../Ninja/Content/StarterContent/Textures/T_Rock_Sandstone_N.uasset" 429
"../../../Ninja/Content/StarterContent/Materials/M_Rock_Sandstone.uasset" 430
"../../../Engine/Plugins/2D/Paper2D/Content/PlaceholderTextures/DummySpriteTexture.uasset" 431
"../../../Engine/Plugins/2D/Paper2D/Content/DummySprite.uasset" 432
"../../../Engine/Plugins/2D/Paper2D/Content/DefaultPaperTerrainMaterial.uasset" 433
"../../../Engine/Plugins/2D/Paper2D/Content/DefaultSpriteMaterial.uasset" 434
"../../../Engine/Plugins/2D/Paper2D/Content/MaskedUnlitSpriteMaterial.uasset" 435
"../../../Engine/Plugins/Runtime/HoudiniEngine/Content/houdini_bgeo_import.uasset" 436
"../../../Engine/Plugins/Runtime/HoudiniEngine/Content/houdini_default_material.uasset" 437
"../../../Engine/Plugins/Runtime/HoudiniEngine/Content/houdini_logo.uasset" 438
"../../../Engine/Plugins/Runtime/Oculus/OculusVR/Content/Textures/GearVRController_AO.uasset" 439
"../../../Engine/Plugins/Runtime/Oculus/OculusVR/Content/Textures/GearVRController_Color.uasset" 440
"../../../Engine/Plugins/Runtime/Oculus/OculusVR/Content/Textures/GearVRController_Normal.uasset" 441
"../../../Engine/Plugins/Runtime/Oculus/OculusVR/Content/Materials/GearVRControllerMaterial.uasset" 442
"../../../Engine/Plugins/Runtime/Oculus/OculusVR/Content/Meshes/GearVrController.uasset" 443
"../../../Engine/Content/Maps/Entry.umap" 444
"../../../Ninja/Content/2DSideScrollerBP/Blueprints/SkillSystem/SkillMaster.uasset" 445
"../../../Ninja/Content/2DSideScrollerBP/Blueprints/WeaponSystem/WeaponMaster.uasset" 446
"../../../Ninja/Content/2DSideScrollerBP/Blueprints/Enemy/StructAI.uasset" 447
"../../../Ninja/Content/2DSideScrollerBP/Blueprints/Enemy/MasterAI.uasset" 448
"../../../Ninja/Content/2DSideScrollerBP/Blueprints/WeaponSystem/WeaponMeleeDamage.uasset" 449
"../../../Ninja/Content/2DSideScrollerBP/Blueprints/WeaponSystem/WeaponShuriken.uasset" 450
"../../../Ninja/Content/2DSideScrollerBP/Blueprints/SkillSystem/SkillType.uasset" 451
"../../../Ninja/Content/2DSideScrollerBP/Blueprints/SkillSystem/SkillInfo.uasset" 452
"../../../Ninja/Content/2DSideScrollerBP/Blueprints/WeaponSystem/WeaponInfo.uasset" 453
"../../../Ninja/Content/2DSideScrollerBP/Blueprints/SkillSystem/Skilldash.uasset" 454
"../../../Ninja/Content/2DSideScrollerBP/2DMainHUD.uasset" 455
"../../../Ninja/Content/2DSideScrollerBP/Blueprints/SkillSystem/SkillEBoost.uasset" 456
"../../../Ninja/Content/2DSideScrollerBP/Blueprints/SkillSystem/SkillStealth.uasset" 457
"../../../Ninja/Content/2DSideScrollerBP/Blueprints/SkillSystem/SkillSwordFall.uasset" 458
"../../../Ninja/Content/2DSideScrollerBP/Blueprints/SkillSystem/SkillTable.uasset" 459
"../../../Ninja/Content/2DSideScrollerBP/Blueprints/WeaponSystem/WeaponSmokeBomb.uasset" 460
"../../../Ninja/Content/2DSideScrollerBP/Blueprints/WeaponSystem/WeaponSword.uasset" 461
"../../../Ninja/Content/2DSideScrollerBP/Blueprints/WeaponSystem/WeaponTable.uasset" 462
"../../../Ninja/Content/2DSideScroller/Textures/2DCharacter_IdleAnimAtlas.uasset" 463
"../../../Ninja/Content/2DSideScroller/Sprites/IdleFrames/IdleCycle1.uasset" 464
"../../../Ninja/Content/2DSideScroller/Sprites/IdleFrames/IdleCycle2.uasset" 465
"../../../Ninja/Content/2DSideScroller/Sprites/IdleFrames/IdleCycle3.uasset" 466
"../../../Ninja/Content/2DSideScroller/Sprites/IdleFrames/IdleCycle4.uasset" 467
"../../../Ninja/Content/2DSideScroller/Sprites/IdleFrames/IdleCycle5.uasset" 468
"../../../Ninja/Content/2DSideScroller/Sprites/IdleFrames/IdleCycle6.uasset" 469
"../../../Ninja/Content/2DSideScroller/Sprites/IdleFrames/IdleCycle7.uasset" 470
"../../../Ninja/Content/2DSideScroller/Sprites/IdleFrames/IdleCycle8.uasset" 471
"../../../Ninja/Content/2DSideScroller/Sprites/IdleAnimation.uasset" 472
"../../../Ninja/Content/2DSideScroller/Textures/2DCharacter_RunAnimAtlas.uasset" 473
"../../../Ninja/Content/2DSideScroller/Sprites/RunFrames/RunCycle_1.uasset" 474
"../../../Ninja/Content/2DSideScroller/Sprites/RunFrames/RunCycle_10.uasset" 475
"../../../Ninja/Content/2DSideScroller/Sprites/RunFrames/RunCycle_11.uasset" 476
"../../../Ninja/Content/2DSideScroller/Sprites/RunFrames/RunCycle_12.uasset" 477
"../../../Ninja/Content/2DSideScroller/Sprites/RunFrames/RunCycle_13.uasset" 478
"../../../Ninja/Content/2DSideScroller/Sprites/RunFrames/RunCycle_14.uasset" 479
"../../../Ninja/Content/2DSideScroller/Sprites/RunFrames/RunCycle_15.uasset" 480
"../../../Ninja/Content/2DSideScroller/Sprites/RunFrames/RunCycle_16.uasset" 481
"../../../Ninja/Content/2DSideScroller/Sprites/RunFrames/RunCycle_2.uasset" 482
"../../../Ninja/Content/2DSideScroller/Sprites/RunFrames/RunCycle_3.uasset" 483
"../../../Ninja/Content/2DSideScroller/Sprites/RunFrames/RunCycle_4.uasset" 484
"../../../Ninja/Content/2DSideScroller/Sprites/RunFrames/RunCycle_5.uasset" 485
"../../../Ninja/Content/2DSideScroller/Sprites/RunFrames/RunCycle_6.uasset" 486
"../../../Ninja/Content/2DSideScroller/Sprites/RunFrames/RunCycle_7.uasset" 487
"../../../Ninja/Content/2DSideScroller/Sprites/RunFrames/RunCycle_8.uasset" 488
"../../../Ninja/Content/2DSideScroller/Sprites/RunFrames/RunCycle_9.uasset" 489
"../../../Ninja/Content/2DSideScroller/Sprites/RunningAnimation.uasset" 490
"../../../Ninja/Content/2DSideScrollerBP/Blueprints/SkillSystem/SkillList.uasset" 491
"../../../Ninja/Content/2DSideScrollerBP/Blueprints/WeaponSystem/WeaponList.uasset" 492
"../../../Ninja/Content/2DSideScrollerBP/Blueprints/2DSideScrollerCharacter.uasset" 493
"../../../Ninja/Content/2DSideScrollerBP/Blueprints/Enemy/MeleePatrolAI.uasset" 494
"../../../Ninja/Content/2DSideScrollerBP/Blueprints/2DSideScrollerGameMode.uasset" 495
"../../../Ninja/Content/2DSideScrollerBP/Blueprints/3DTransition.uasset" 496
"../../../Engine/Content/MapTemplates/Bokeh_5Sides.uasset" 497
"../../../Engine/Content/MapTemplates/T_ScreenDirt02_w.uasset" 498
"../../../Engine/Plugins/2D/Paper2D/Content/OpaqueUnlitSpriteMaterial.uasset" 499
"../../../Ninja/Content/2DSideScroller/Textures/2DBackground.uasset" 500
"../../../Ninja/Content/2DSideScroller/Sprites/Background_Sprite.uasset" 501
"../../../Ninja/Content/2DSideScroller/Textures/2DBackgroundBlockAtlas.uasset" 502
"../../../Ninja/Content/2DSideScroller/Sprites/Ledge.uasset" 503
"../../../Ninja/Content/2DSideScrollerBP/Maps/2DSideScrollerExampleMap.umap" 504
"../../../Ninja/Content/3DAssests/NinjaBoy/NinjaBoy_Skeleton.uasset" 505
"../../../Ninja/Content/3DAssests/NinjaBoy/Animations/Ninja_JumpCycle.uasset" 506
"../../../Ninja/Content/3DAssests/NinjaBoy/Animations/Ninja_JumpEnd.uasset" 507
"../../../Ninja/Content/3DAssests/NinjaBoy/Animations/Ninja_JumpStart.uasset" 508
"../../../Ninja/Content/3DAssests/NinjaBoy/Animations/Ninja_Idle.uasset" 509
"../../../Ninja/Content/3DAssests/NinjaBoy/Animations/Ninja_Run.uasset" 510
"../../../Ninja/Content/3DAssests/NinjaBoy/Animations/NinjaBoyIdleRun2D.uasset" 511
"../../../Ninja/Content/3DAssests/NinjaBoy/Animations/NinjaBoyAnimBP.uasset" 512
"../../../Ninja/Content/3DAssests/NinjaBoy/Ninja_Col.uasset" 513
"../../../Ninja/Content/3DAssests/NinjaBoy/NInjaBoy_Material.uasset" 514
"../../../Ninja/Content/3DAssests/NinjaBoy/NinjaBoy_PhysicsAsset.uasset" 515
"../../../Ninja/Content/3DAssests/NinjaBoy/NinjaBoy.uasset" 516
"../../../Ninja/Content/3DBP/Blueprints/ThirdPersonCharacter.uasset" 517
"../../../Engine/Content/EngineSky/C_Sky_Cloud_Color.uasset" 518
"../../../Engine/Content/EngineSky/C_Sky_Horizon_Color.uasset" 519
"../../../Engine/Content/EngineSky/C_Sky_Zenith_Color.uasset" 520
"../../../Engine/Content/EngineSky/T_Sky_Blue.uasset" 521
"../../../Engine/Content/EngineSky/T_Sky_Clouds_M.uasset" 522
"../../../Engine/Content/EngineSky/T_Sky_Stars.uasset" 523
"../../../Engine/Content/EngineSky/M_Sky_Panning_Clouds2.uasset" 524
"../../../Engine/Content/EngineSky/SM_SkySphere.uasset" 525
"../../../Engine/Content/EngineSky/BP_Sky_Sphere.uasset" 526
"../../../Ninja/Content/StarterContent/Textures/T_Lamp_M.uasset" 527
"../../../Ninja/Content/StarterContent/Textures/T_Lamp_N.uasset" 528
"../../../Ninja/Content/StarterContent/Props/Materials/M_Lamp.uasset" 529
"../../../Ninja/Content/StarterContent/Props/SM_Lamp_Ceiling.uasset" 530
"../../../Ninja/Content/StarterContent/Blueprints/Blueprint_CeilingLight.uasset" 531
"../../../Ninja/Content/Levels/lvl_1_BuiltData.uasset" 532
"../../../Ninja/Content/LowPoly_Universe/Materials/Instances/Clay_Debris_Inst_1.uasset" 533
"../../../Ninja/Content/LowPoly_Universe/Materials/Instances/Clay_Flowers_Cyan_1.uasset" 534
"../../../Ninja/Content/LowPoly_Universe/Materials/Instances/Clay_Flowers_Red_1.uasset" 535
"../../../Ninja/Content/LowPoly_Universe/Materials/Instances/Clay_Flowers_Yellow_1.uasset" 536
"../../../Ninja/Content/LowPoly_Universe/Materials/M_LP_Clay2Sided.uasset" 537
"../../../Ninja/Content/LowPoly_Universe/Materials/Instances/Clay_Grass_1.uasset" 538
"../../../Ninja/Content/LowPoly_Universe/Materials/Instances/Clay_Grass_2.uasset" 539
"../../../Ninja/Content/LowPoly_Universe/Materials/Instances/Clay_Grass_5.uasset" 540
"../../../Ninja/Content/LowPoly_Universe/Materials/Instances/Clay_Ground.uasset" 541
"../../../Ninja/Content/LowPoly_Universe/Materials/Instances/Clay_Inst_3.uasset" 542
"../../../Ninja/Content/LowPoly_Universe/Materials/Instances/Clay_Mushrooms_Red.uasset" 543
"../../../Ninja/Content/LowPoly_Universe/Materials/Instances/Clay_StoneArc_Inst_2.uasset" 544
"../../../Ninja/Content/LowPoly_Universe/Materials/Instances/LP_Platform_Island_3.uasset" 545
"../../../Ninja/Content/LowPoly_Universe/Materials/Instances/LP_Rail_1.uasset" 546
"../../../Ninja/Content/LowPoly_Universe/Materials/Instances/LP_Rail_2.uasset" 547
"../../../Ninja/Content/LowPoly_Universe/Materials/Instances/LP_Slab_Stones_2.uasset" 548
"../../../Ninja/Content/LowPoly_Universe/Materials/Instances/LP_Tree_Old_Stalk_2.uasset" 549
"../../../Ninja/Content/LowPoly_Universe/Materials/Instances/LP_Wood_Platforms_0.uasset" 550
"../../../Ninja/Content/LowPoly_Universe/Materials/Instances/LP_Wood_Platforms_2.uasset" 551
"../../../Ninja/Content/LowPoly_Universe/Materials/M_LP_VertexData_Mountain.uasset" 552
"../../../Ninja/Content/LowPoly_Universe/Materials/Instances/Mountain_Inst_0.uasset" 553
"../../../Engine/Content/Functions/Engine_MaterialFunctions01/Gradient/RadialGradientExponential.uasset" 554
"../../../Engine/Content/Functions/Engine_MaterialFunctions02/Math/TimeWithSpeedVariable.uasset" 555
"../../../Ninja/Content/LowPoly_Universe/Textures/Water_normal_1.uasset" 556
"../../../Ninja/Content/LowPoly_Universe/Materials/M_WaterPlane.uasset" 557
"../../../Ninja/Content/LowPoly_Universe/Materials/Instances/WaterPlane_Inst.uasset" 558
"../../../Engine/Content/MapTemplates/SM_Template_Map_Floor.uasset" 559
"../../../Ninja/Content/LowPoly_Universe/Meshes/Dandelions_Groups/SGS_LP_Dandelions_Groups_3.uasset" 560
"../../../Ninja/Content/LowPoly_Universe/Meshes/Fence/SGS_LP_Fence_25.uasset" 561
"../../../Ninja/Content/LowPoly_Universe/Meshes/Fence/SGS_LP_Fence_28.uasset" 562
"../../../Ninja/Content/LowPoly_Universe/Meshes/Fence/SGS_LP_Fence_32.uasset" 563
"../../../Ninja/Content/LowPoly_Universe/Meshes/Fence/SGS_LP_Fence_36.uasset" 564
"../../../Ninja/Content/LowPoly_Universe/Meshes/Fence/SGS_LP_Fence_37.uasset" 565
"../../../Ninja/Content/LowPoly_Universe/Meshes/Fence/SGS_LP_Fence_45.uasset" 566
"../../../Ninja/Content/LowPoly_Universe/Materials/Instances/Clay_Mushrooms_Blue.uasset" 567
"../../../Ninja/Content/LowPoly_Universe/Meshes/Flowers/Flower_Pack_1/SGS_LP_Flowers_1_1.uasset" 568
"../../../Ninja/Content/LowPoly_Universe/Meshes/Flowers/Flower_Pack_1/SGS_LP_Flowers_1_18.uasset" 569
"../../../Ninja/Content/LowPoly_Universe/Meshes/Flowers/Flower_Pack_1/SGS_LP_Flowers_1_3.uasset" 570
"../../../Ninja/Content/LowPoly_Universe/Meshes/Grass/SGS_LP_Grass_1.uasset" 571
"../../../Ninja/Content/LowPoly_Universe/Materials/Instances/Clay_Grass_3.uasset" 572
"../../../Ninja/Content/LowPoly_Universe/Meshes/Grass/SGS_LP_Grass_7.uasset" 573
"../../../Ninja/Content/LowPoly_Universe/Meshes/Grass/SGS_LP_Grass_9.uasset" 574
"../../../Ninja/Content/LowPoly_Universe/Meshes/Massives/HEX_Tile/SGS_LP_Universe_HEXtile_19.uasset" 575
"../../../Ninja/Content/LowPoly_Universe/Meshes/MountainBack/SGS_LP_MountainBack_21.uasset" 576
"../../../Ninja/Content/LowPoly_Universe/Meshes/Platforms_Islands_2/SGS_LP_Platforms_Islands_2_12.uasset" 577
"../../../Ninja/Content/LowPoly_Universe/Meshes/Stones/Slab_Stone_Formation/SGS_LP_SlabStone_Formation_40.uasset" 578
"../../../Ninja/Content/LowPoly_Universe/Meshes/Stones/Stone_Arc/SGS_LP_Universe_StoneArc_1.uasset" 579
"../../../Ninja/Content/LowPoly_Universe/Meshes/Stones/STONE_formation_1/SGS_LP_Universe_StoneFormations_12.uasset" 580
"../../../Ninja/Content/LowPoly_Universe/Meshes/Stones/STONE_formation_1/SGS_LP_Universe_StoneFormations_13.uasset" 581
"../../../Ninja/Content/LowPoly_Universe/Meshes/Stones/STONE_formation_1/SGS_LP_Universe_StoneFormations_21.uasset" 582
"../../../Ninja/Content/LowPoly_Universe/Materials/Instances/LP_Tree_Old_Stalk_1.uasset" 583
"../../../Ninja/Content/LowPoly_Universe/Materials/Instances/LP_Tree_Root_1.uasset" 584
"../../../Ninja/Content/LowPoly_Universe/Meshes/TREES/Pack_1/SGS_LP_Universe_Trees_1_73.uasset" 585
"../../../Ninja/Content/LowPoly_Universe/Meshes/TREES/Pack_2/SGS_LP_Universe_Trees_2_52.uasset" 586
"../../../Ninja/Content/LowPoly_Universe/Meshes/Water_Plane/SGS_LP_Water_Plane_1.uasset" 587
"../../../Ninja/Content/LowPoly_Universe/Meshes/Wood_Platforms/SGS_LP_Wood_Platforms_3.uasset" 588
"../../../Ninja/Content/Levels/lvl_1.umap" 589
